<?xml version="1.0" encoding="UTF-8"?>
<!-- Generated by org.testng.reporters.JUnitReportReporter -->
<testsuite hostname="HMECL002418" failures="0" tests="4" name="Automation.TestingAnnotationExample" time="0.025" errors="0" timestamp="2020-05-04T15:03:09 IST" skipped="0">
  <testcase classname="Automation.TestingAnnotationExample" name="testcase1" time="0.015"/>
  <testcase classname="Automation.TestingAnnotationExample" name="testcase4" time="0.003"/>
  <testcase classname="Automation.TestingAnnotationExample" name="testcase3" time="0.002"/>
  <testcase classname="Automation.TestingAnnotationExample" name="testcase2" time="0.005"/>
</testsuite> <!-- Automation.TestingAnnotationExample -->
