<?xml version="1.0" encoding="UTF-8"?>
<!-- Generated by org.testng.reporters.JUnitReportReporter -->
<testsuite hostname="HMECL002418" failures="0" tests="4" name="Automation.BoookingModule" time="0.033" errors="0" timestamp="30 Apr 2020 08:47:50 GMT">
  <testcase classname="Automation.BoookingModule" name="testcase2" time="0.004"/>
  <testcase classname="Automation.BoookingModule" name="testcase1" time="0.008"/>
  <testcase classname="Automation.BoookingModule" name="testcase4" time="0.016"/>
  <testcase classname="Automation.BoookingModule" name="testcase3" time="0.005"/>
</testsuite> <!-- Automation.BoookingModule -->
