<?xml version="1.0" encoding="UTF-8"?>
<!-- Generated by org.testng.reporters.JUnitReportReporter -->
<testsuite hostname="HMECL002418" failures="0" tests="1" name="Automation.Login" time="2.801" errors="0" timestamp="2020-05-07T14:54:02 IST" skipped="0">
  <testcase classname="Automation.Login" name="verifyLogin" time="2.801"/>
  <system-out/>
</testsuite> <!-- Automation.Login -->
